2018.05.26 at 23:11:50 CST INFO  org.springframework.boot.StartupInfoLogger logStarting() @48 - Starting SpringBoot06DataMybatisApplication on ZB-PF105L6V with PID 17896 (D:\fromqtoj\data-mybatis3\target\classes started by qijian3 in D:\fromqtoj\data-mybatis3)
2018.05.26 at 23:11:50 CST INFO  org.springframework.boot.SpringApplication logStartupProfileInfo() @593 - No active profile set, falling back to default profiles: default
2018.05.26 at 23:11:51 CST INFO  org.springframework.context.support.AbstractApplicationContext prepareRefresh() @583 - Refreshing org.springframework.boot.context.embedded.AnnotationConfigEmbeddedWebApplicationContext@2c1b9e4b: startup date [Sat May 26 23:11:51 CST 2018]; root of context hierarchy
2018.05.26 at 23:11:51 CST INFO  org.hibernate.validator.internal.util.Version <clinit>() @30 - HV000001: Hibernate Validator 5.3.6.Final
2018.05.26 at 23:11:52 CST INFO  org.springframework.boot.context.embedded.tomcat.TomcatEmbeddedServletContainer initialize() @89 - Tomcat initialized with port(s): 8080 (http)
2018.05.26 at 23:11:52 CST INFO  org.apache.juli.logging.DirectJDKLog log() @180 - Starting service [Tomcat]
2018.05.26 at 23:11:52 CST INFO  org.apache.juli.logging.DirectJDKLog log() @180 - Starting Servlet Engine: Apache Tomcat/8.5.27
2018.05.26 at 23:11:52 CST INFO  org.apache.juli.logging.DirectJDKLog log() @180 - Initializing Spring embedded WebApplicationContext
2018.05.26 at 23:11:52 CST INFO  org.springframework.boot.context.embedded.EmbeddedWebApplicationContext prepareEmbeddedWebApplicationContext() @276 - Root WebApplicationContext: initialization completed in 1529 ms
2018.05.26 at 23:11:52 CST INFO  org.springframework.boot.web.servlet.ServletRegistrationBean onStartup() @190 - Mapping servlet: 'statViewServlet' to [/druid/*]
2018.05.26 at 23:11:52 CST INFO  org.springframework.boot.web.servlet.ServletRegistrationBean onStartup() @190 - Mapping servlet: 'dispatcherServlet' to [/]
2018.05.26 at 23:11:52 CST INFO  org.springframework.boot.web.servlet.AbstractFilterRegistrationBean configure() @258 - Mapping filter: 'characterEncodingFilter' to: [/*]
2018.05.26 at 23:11:52 CST INFO  org.springframework.boot.web.servlet.AbstractFilterRegistrationBean configure() @258 - Mapping filter: 'hiddenHttpMethodFilter' to: [/*]
2018.05.26 at 23:11:52 CST INFO  org.springframework.boot.web.servlet.AbstractFilterRegistrationBean configure() @258 - Mapping filter: 'httpPutFormContentFilter' to: [/*]
2018.05.26 at 23:11:52 CST INFO  org.springframework.boot.web.servlet.AbstractFilterRegistrationBean configure() @258 - Mapping filter: 'requestContextFilter' to: [/*]
2018.05.26 at 23:11:52 CST INFO  org.springframework.boot.web.servlet.AbstractFilterRegistrationBean configure() @271 - Mapping filter: 'webStatFilter' to urls: [/*]
2018.05.26 at 23:11:52 CST INFO  org.springframework.boot.web.servlet.AbstractFilterRegistrationBean configure() @258 - Mapping filter: 'requestLogFilter' to: [/*]
2018.05.26 at 23:11:53 CST INFO  org.springframework.web.servlet.mvc.method.annotation.RequestMappingHandlerAdapter initControllerAdviceCache() @534 - Looking for @ControllerAdvice: org.springframework.boot.context.embedded.AnnotationConfigEmbeddedWebApplicationContext@2c1b9e4b: startup date [Sat May 26 23:11:51 CST 2018]; root of context hierarchy
2018.05.26 at 23:11:53 CST INFO  org.springframework.web.servlet.handler.AbstractHandlerMethodMapping$MappingRegistry register() @543 - Mapped "{[/dept/id],methods=[GET]}" onto public com.fromqtoj.bean.Department com.fromqtoj.controller.DeptController.getDepartment(java.lang.Integer)
2018.05.26 at 23:11:53 CST INFO  org.springframework.web.servlet.handler.AbstractHandlerMethodMapping$MappingRegistry register() @543 - Mapped "{[/dept],methods=[GET]}" onto public com.fromqtoj.bean.Department com.fromqtoj.controller.DeptController.insertDept(com.fromqtoj.bean.Department)
2018.05.26 at 23:11:53 CST INFO  org.springframework.web.servlet.handler.AbstractHandlerMethodMapping$MappingRegistry register() @543 - Mapped "{[/emp],methods=[GET]}" onto public com.fromqtoj.bean.Employee com.fromqtoj.controller.EmpController.insertEmployee(com.fromqtoj.bean.Employee)
2018.05.26 at 23:11:53 CST INFO  org.springframework.web.servlet.handler.AbstractHandlerMethodMapping$MappingRegistry register() @543 - Mapped "{[/emp/delete],methods=[GET]}" onto public void com.fromqtoj.controller.EmpController.deleteEmp(java.lang.Integer)
2018.05.26 at 23:11:53 CST INFO  org.springframework.web.servlet.handler.AbstractHandlerMethodMapping$MappingRegistry register() @543 - Mapped "{[/emp/select],methods=[GET]}" onto public com.fromqtoj.bean.Employee com.fromqtoj.controller.EmpController.selectEmp(java.lang.Integer)
2018.05.26 at 23:11:53 CST INFO  org.springframework.web.servlet.handler.AbstractHandlerMethodMapping$MappingRegistry register() @543 - Mapped "{[/emp/update],methods=[GET]}" onto public void com.fromqtoj.controller.EmpController.updateEmpbyId(java.lang.Integer)
2018.05.26 at 23:11:53 CST INFO  org.springframework.web.servlet.handler.AbstractHandlerMethodMapping$MappingRegistry register() @543 - Mapped "{[/error]}" onto public org.springframework.http.ResponseEntity<java.util.Map<java.lang.String, java.lang.Object>> org.springframework.boot.autoconfigure.web.BasicErrorController.error(javax.servlet.http.HttpServletRequest)
2018.05.26 at 23:11:53 CST INFO  org.springframework.web.servlet.handler.AbstractHandlerMethodMapping$MappingRegistry register() @543 - Mapped "{[/error],produces=[text/html]}" onto public org.springframework.web.servlet.ModelAndView org.springframework.boot.autoconfigure.web.BasicErrorController.errorHtml(javax.servlet.http.HttpServletRequest,javax.servlet.http.HttpServletResponse)
2018.05.26 at 23:11:53 CST INFO  org.springframework.web.servlet.handler.AbstractUrlHandlerMapping registerHandler() @362 - Mapped URL path [/webjars/**] onto handler of type [class org.springframework.web.servlet.resource.ResourceHttpRequestHandler]
2018.05.26 at 23:11:53 CST INFO  org.springframework.web.servlet.handler.AbstractUrlHandlerMapping registerHandler() @362 - Mapped URL path [/**] onto handler of type [class org.springframework.web.servlet.resource.ResourceHttpRequestHandler]
2018.05.26 at 23:11:54 CST INFO  org.springframework.web.servlet.handler.AbstractUrlHandlerMapping registerHandler() @362 - Mapped URL path [/**/favicon.ico] onto handler of type [class org.springframework.web.servlet.resource.ResourceHttpRequestHandler]
2018.05.26 at 23:11:54 CST INFO  org.springframework.jmx.export.MBeanExporter afterSingletonsInstantiated() @431 - Registering beans for JMX exposure on startup
2018.05.26 at 23:11:54 CST INFO  org.springframework.jmx.export.MBeanExporter autodetect() @916 - Bean with name 'druid' has been autodetected for JMX exposure
2018.05.26 at 23:11:54 CST INFO  org.springframework.jmx.export.MBeanExporter registerBeanInstance() @671 - Located MBean 'druid': registering with JMX server as MBean [com.alibaba.druid.pool:name=druid,type=DruidDataSource]
2018.05.26 at 23:11:54 CST INFO  org.apache.juli.logging.DirectJDKLog log() @180 - Initializing ProtocolHandler ["http-nio-8080"]
2018.05.26 at 23:11:54 CST INFO  org.apache.juli.logging.DirectJDKLog log() @180 - Starting ProtocolHandler ["http-nio-8080"]
2018.05.26 at 23:11:54 CST INFO  org.apache.juli.logging.DirectJDKLog log() @180 - Using a shared selector for servlet write/read
2018.05.26 at 23:11:54 CST INFO  org.springframework.boot.context.embedded.tomcat.TomcatEmbeddedServletContainer start() @201 - Tomcat started on port(s): 8080 (http)
2018.05.26 at 23:11:54 CST INFO  org.springframework.boot.StartupInfoLogger logStarted() @57 - Started SpringBoot06DataMybatisApplication in 4.155 seconds (JVM running for 6.221)
2018.05.26 at 23:12:06 CST INFO  org.apache.juli.logging.DirectJDKLog log() @180 - Initializing Spring FrameworkServlet 'dispatcherServlet'
2018.05.26 at 23:12:06 CST INFO  org.springframework.web.servlet.FrameworkServlet initServletBean() @489 - FrameworkServlet 'dispatcherServlet': initialization started
2018.05.26 at 23:12:06 CST INFO  org.springframework.web.servlet.FrameworkServlet initServletBean() @508 - FrameworkServlet 'dispatcherServlet': initialization completed in 27 ms
2018.05.26 at 23:12:06 CST INFO  com.fromqtoj.controller.EmpController insertEmployee() @28 - Employee 日志输出 info
2018.05.26 at 23:12:06 CST WARN  com.fromqtoj.controller.EmpController insertEmployee() @29 - Employee 日志输出 warn
2018.05.26 at 23:12:06 CST ERROR com.fromqtoj.controller.EmpController insertEmployee() @30 - Employee 日志输出 error
2018.05.26 at 23:12:06 CST INFO  com.alibaba.druid.pool.DruidDataSource init() @923 - {dataSource-1} inited
2018.05.26 at 23:12:06 CST DEBUG org.apache.ibatis.logging.jdbc.BaseJdbcLogger debug() @159 - ==>  Preparing: INSERT INTO employee(lastName,email,gender,d_id) VALUES (?,?,?,?) 
2018.05.26 at 23:12:06 CST DEBUG org.apache.ibatis.logging.jdbc.BaseJdbcLogger debug() @159 - ==> Parameters: log4j22222(String), 123@163.com(String), 1(Integer), null
2018.05.26 at 23:12:06 CST DEBUG org.apache.ibatis.logging.jdbc.BaseJdbcLogger debug() @159 - <==    Updates: 1
2018.05.26 at 23:12:06 CST INFO  com.fromqtoj.filter.RequestLogFilter doFilterInternal() @79 - requestUrl :/emp, requestBody : {}, responseBody :{"id":null,"lastName":"log4j22222","gender":1,"email":"123@163.com","dId":null}, cost time :697 ms.
2018.05.30 at 10:14:09 CST INFO  org.springframework.boot.StartupInfoLogger logStarting() @48 - Starting SpringBoot06DataMybatisApplication on ZB-PF105L6V with PID 14200 (D:\fromqtoj\data-mybatis3\target\classes started by qijian3 in D:\fromqtoj\data-mybatis3)
2018.05.30 at 10:14:09 CST INFO  org.springframework.boot.SpringApplication logStartupProfileInfo() @593 - No active profile set, falling back to default profiles: default
2018.05.30 at 10:14:09 CST INFO  org.springframework.context.support.AbstractApplicationContext prepareRefresh() @583 - Refreshing org.springframework.boot.context.embedded.AnnotationConfigEmbeddedWebApplicationContext@611df6e3: startup date [Wed May 30 10:14:09 CST 2018]; root of context hierarchy
2018.05.30 at 10:14:10 CST INFO  org.hibernate.validator.internal.util.Version <clinit>() @30 - HV000001: Hibernate Validator 5.3.6.Final
2018.05.30 at 10:14:11 CST INFO  org.springframework.boot.context.embedded.tomcat.TomcatEmbeddedServletContainer initialize() @89 - Tomcat initialized with port(s): 8080 (http)
2018.05.30 at 10:14:12 CST INFO  org.apache.juli.logging.DirectJDKLog log() @180 - Starting service [Tomcat]
2018.05.30 at 10:14:12 CST INFO  org.apache.juli.logging.DirectJDKLog log() @180 - Starting Servlet Engine: Apache Tomcat/8.5.27
2018.05.30 at 10:14:12 CST INFO  org.apache.juli.logging.DirectJDKLog log() @180 - Initializing Spring embedded WebApplicationContext
2018.05.30 at 10:14:12 CST INFO  org.springframework.boot.context.embedded.EmbeddedWebApplicationContext prepareEmbeddedWebApplicationContext() @276 - Root WebApplicationContext: initialization completed in 2429 ms
2018.05.30 at 10:14:12 CST INFO  org.springframework.boot.web.servlet.ServletRegistrationBean onStartup() @190 - Mapping servlet: 'statViewServlet' to [/druid/*]
2018.05.30 at 10:14:12 CST INFO  org.springframework.boot.web.servlet.ServletRegistrationBean onStartup() @190 - Mapping servlet: 'dispatcherServlet' to [/]
2018.05.30 at 10:14:12 CST INFO  org.springframework.boot.web.servlet.AbstractFilterRegistrationBean configure() @258 - Mapping filter: 'characterEncodingFilter' to: [/*]
2018.05.30 at 10:14:12 CST INFO  org.springframework.boot.web.servlet.AbstractFilterRegistrationBean configure() @258 - Mapping filter: 'hiddenHttpMethodFilter' to: [/*]
2018.05.30 at 10:14:12 CST INFO  org.springframework.boot.web.servlet.AbstractFilterRegistrationBean configure() @258 - Mapping filter: 'httpPutFormContentFilter' to: [/*]
2018.05.30 at 10:14:12 CST INFO  org.springframework.boot.web.servlet.AbstractFilterRegistrationBean configure() @258 - Mapping filter: 'requestContextFilter' to: [/*]
2018.05.30 at 10:14:12 CST INFO  org.springframework.boot.web.servlet.AbstractFilterRegistrationBean configure() @271 - Mapping filter: 'webStatFilter' to urls: [/*]
2018.05.30 at 10:14:12 CST INFO  org.springframework.boot.web.servlet.AbstractFilterRegistrationBean configure() @258 - Mapping filter: 'requestLogFilter' to: [/*]
2018.05.30 at 10:14:13 CST INFO  org.springframework.web.servlet.mvc.method.annotation.RequestMappingHandlerAdapter initControllerAdviceCache() @534 - Looking for @ControllerAdvice: org.springframework.boot.context.embedded.AnnotationConfigEmbeddedWebApplicationContext@611df6e3: startup date [Wed May 30 10:14:09 CST 2018]; root of context hierarchy
2018.05.30 at 10:14:13 CST INFO  org.springframework.web.servlet.handler.AbstractHandlerMethodMapping$MappingRegistry register() @543 - Mapped "{[/dept],methods=[GET]}" onto public com.fromqtoj.bean.Department com.fromqtoj.controller.DeptController.insertDept(com.fromqtoj.bean.Department)
2018.05.30 at 10:14:13 CST INFO  org.springframework.web.servlet.handler.AbstractHandlerMethodMapping$MappingRegistry register() @543 - Mapped "{[/dept/id],methods=[GET]}" onto public com.fromqtoj.bean.Department com.fromqtoj.controller.DeptController.getDepartment(java.lang.Integer)
2018.05.30 at 10:14:13 CST INFO  org.springframework.web.servlet.handler.AbstractHandlerMethodMapping$MappingRegistry register() @543 - Mapped "{[/emp],methods=[GET]}" onto public com.fromqtoj.bean.Employee com.fromqtoj.controller.EmpController.insertEmployee(com.fromqtoj.bean.Employee)
2018.05.30 at 10:14:13 CST INFO  org.springframework.web.servlet.handler.AbstractHandlerMethodMapping$MappingRegistry register() @543 - Mapped "{[/emp/update],methods=[GET]}" onto public void com.fromqtoj.controller.EmpController.updateEmpbyId(java.lang.Integer)
2018.05.30 at 10:14:13 CST INFO  org.springframework.web.servlet.handler.AbstractHandlerMethodMapping$MappingRegistry register() @543 - Mapped "{[/emp/delete],methods=[GET]}" onto public void com.fromqtoj.controller.EmpController.deleteEmp(java.lang.Integer)
2018.05.30 at 10:14:13 CST INFO  org.springframework.web.servlet.handler.AbstractHandlerMethodMapping$MappingRegistry register() @543 - Mapped "{[/emp/select],methods=[GET]}" onto public com.fromqtoj.bean.Employee com.fromqtoj.controller.EmpController.selectEmp(java.lang.Integer)
2018.05.30 at 10:14:13 CST INFO  org.springframework.web.servlet.handler.AbstractHandlerMethodMapping$MappingRegistry register() @543 - Mapped "{[/error]}" onto public org.springframework.http.ResponseEntity<java.util.Map<java.lang.String, java.lang.Object>> org.springframework.boot.autoconfigure.web.BasicErrorController.error(javax.servlet.http.HttpServletRequest)
2018.05.30 at 10:14:13 CST INFO  org.springframework.web.servlet.handler.AbstractHandlerMethodMapping$MappingRegistry register() @543 - Mapped "{[/error],produces=[text/html]}" onto public org.springframework.web.servlet.ModelAndView org.springframework.boot.autoconfigure.web.BasicErrorController.errorHtml(javax.servlet.http.HttpServletRequest,javax.servlet.http.HttpServletResponse)
2018.05.30 at 10:14:13 CST INFO  org.springframework.web.servlet.handler.AbstractUrlHandlerMapping registerHandler() @362 - Mapped URL path [/webjars/**] onto handler of type [class org.springframework.web.servlet.resource.ResourceHttpRequestHandler]
2018.05.30 at 10:14:13 CST INFO  org.springframework.web.servlet.handler.AbstractUrlHandlerMapping registerHandler() @362 - Mapped URL path [/**] onto handler of type [class org.springframework.web.servlet.resource.ResourceHttpRequestHandler]
2018.05.30 at 10:14:13 CST INFO  org.springframework.web.servlet.handler.AbstractUrlHandlerMapping registerHandler() @362 - Mapped URL path [/**/favicon.ico] onto handler of type [class org.springframework.web.servlet.resource.ResourceHttpRequestHandler]
2018.05.30 at 10:14:14 CST INFO  org.springframework.jmx.export.MBeanExporter afterSingletonsInstantiated() @431 - Registering beans for JMX exposure on startup
2018.05.30 at 10:14:14 CST INFO  org.springframework.jmx.export.MBeanExporter autodetect() @916 - Bean with name 'druid' has been autodetected for JMX exposure
2018.05.30 at 10:14:14 CST INFO  org.springframework.jmx.export.MBeanExporter registerBeanInstance() @671 - Located MBean 'druid': registering with JMX server as MBean [com.alibaba.druid.pool:name=druid,type=DruidDataSource]
2018.05.30 at 10:14:14 CST INFO  org.apache.juli.logging.DirectJDKLog log() @180 - Initializing ProtocolHandler ["http-nio-8080"]
2018.05.30 at 10:14:14 CST INFO  org.apache.juli.logging.DirectJDKLog log() @180 - Starting ProtocolHandler ["http-nio-8080"]
2018.05.30 at 10:14:14 CST INFO  org.apache.juli.logging.DirectJDKLog log() @180 - Using a shared selector for servlet write/read
2018.05.30 at 10:14:14 CST INFO  org.springframework.boot.context.embedded.tomcat.TomcatEmbeddedServletContainer start() @201 - Tomcat started on port(s): 8080 (http)
2018.05.30 at 10:14:14 CST INFO  org.springframework.boot.StartupInfoLogger logStarted() @57 - Started SpringBoot06DataMybatisApplication in 5.51 seconds (JVM running for 9.091)
2018.05.30 at 10:14:59 CST INFO  org.apache.juli.logging.DirectJDKLog log() @180 - Initializing Spring FrameworkServlet 'dispatcherServlet'
2018.05.30 at 10:14:59 CST INFO  org.springframework.web.servlet.FrameworkServlet initServletBean() @489 - FrameworkServlet 'dispatcherServlet': initialization started
2018.05.30 at 10:14:59 CST INFO  org.springframework.web.servlet.FrameworkServlet initServletBean() @508 - FrameworkServlet 'dispatcherServlet': initialization completed in 38 ms
2018.05.30 at 10:14:59 CST INFO  com.fromqtoj.controller.EmpController insertEmployee() @28 - Employee 日志输出 info
2018.05.30 at 10:14:59 CST WARN  com.fromqtoj.controller.EmpController insertEmployee() @29 - Employee 日志输出 warn
2018.05.30 at 10:14:59 CST ERROR com.fromqtoj.controller.EmpController insertEmployee() @30 - Employee 日志输出 error
2018.05.30 at 10:15:00 CST INFO  com.alibaba.druid.pool.DruidDataSource init() @923 - {dataSource-1} inited
2018.05.30 at 10:15:00 CST DEBUG org.apache.ibatis.logging.jdbc.BaseJdbcLogger debug() @159 - ==>  Preparing: INSERT INTO employee(lastName,email,gender,d_id) VALUES (?,?,?,?) 
2018.05.30 at 10:15:00 CST DEBUG org.apache.ibatis.logging.jdbc.BaseJdbcLogger debug() @159 - ==> Parameters: log4j22222(String), 123@163.com(String), 1(Integer), null
2018.05.30 at 10:15:01 CST DEBUG org.apache.ibatis.logging.jdbc.BaseJdbcLogger debug() @159 - <==    Updates: 1
2018.05.30 at 10:15:01 CST INFO  com.fromqtoj.filter.RequestLogFilter doFilterInternal() @79 - requestUrl :/emp, requestBody : {}, responseBody :{"id":null,"lastName":"log4j22222","gender":1,"email":"123@163.com","dId":null}, cost time :1491 ms.
2018.05.30 at 10:24:39 CST INFO  org.springframework.boot.StartupInfoLogger logStarting() @48 - Starting Log4j2DemoApplication on ZB-PF105L6V with PID 19916 (D:\fromqtoj\log4j2Demo\target\classes started by qijian3 in D:\fromqtoj\log4j2Demo)
2018.05.30 at 10:24:39 CST INFO  org.springframework.boot.SpringApplication logStartupProfileInfo() @593 - No active profile set, falling back to default profiles: default
2018.05.30 at 10:24:39 CST INFO  org.springframework.context.support.AbstractApplicationContext prepareRefresh() @583 - Refreshing org.springframework.boot.context.embedded.AnnotationConfigEmbeddedWebApplicationContext@182f1e9a: startup date [Wed May 30 10:24:39 CST 2018]; root of context hierarchy
2018.05.30 at 10:24:39 CST INFO  org.hibernate.validator.internal.util.Version <clinit>() @30 - HV000001: Hibernate Validator 5.3.6.Final
2018.05.30 at 10:24:41 CST INFO  org.springframework.boot.context.embedded.tomcat.TomcatEmbeddedServletContainer initialize() @89 - Tomcat initialized with port(s): 8080 (http)
2018.05.30 at 10:24:41 CST INFO  org.apache.juli.logging.DirectJDKLog log() @180 - Starting service [Tomcat]
2018.05.30 at 10:24:41 CST INFO  org.apache.juli.logging.DirectJDKLog log() @180 - Starting Servlet Engine: Apache Tomcat/8.5.27
2018.05.30 at 10:24:41 CST INFO  org.apache.juli.logging.DirectJDKLog log() @180 - Initializing Spring embedded WebApplicationContext
2018.05.30 at 10:24:41 CST INFO  org.springframework.boot.context.embedded.EmbeddedWebApplicationContext prepareEmbeddedWebApplicationContext() @276 - Root WebApplicationContext: initialization completed in 1694 ms
2018.05.30 at 10:24:41 CST INFO  org.springframework.boot.web.servlet.ServletRegistrationBean onStartup() @190 - Mapping servlet: 'statViewServlet' to [/druid/*]
2018.05.30 at 10:24:41 CST INFO  org.springframework.boot.web.servlet.ServletRegistrationBean onStartup() @190 - Mapping servlet: 'dispatcherServlet' to [/]
2018.05.30 at 10:24:41 CST INFO  org.springframework.boot.web.servlet.AbstractFilterRegistrationBean configure() @258 - Mapping filter: 'characterEncodingFilter' to: [/*]
2018.05.30 at 10:24:41 CST INFO  org.springframework.boot.web.servlet.AbstractFilterRegistrationBean configure() @258 - Mapping filter: 'hiddenHttpMethodFilter' to: [/*]
2018.05.30 at 10:24:41 CST INFO  org.springframework.boot.web.servlet.AbstractFilterRegistrationBean configure() @258 - Mapping filter: 'httpPutFormContentFilter' to: [/*]
2018.05.30 at 10:24:41 CST INFO  org.springframework.boot.web.servlet.AbstractFilterRegistrationBean configure() @258 - Mapping filter: 'requestContextFilter' to: [/*]
2018.05.30 at 10:24:41 CST INFO  org.springframework.boot.web.servlet.AbstractFilterRegistrationBean configure() @271 - Mapping filter: 'webStatFilter' to urls: [/*]
2018.05.30 at 10:24:41 CST INFO  org.springframework.boot.web.servlet.AbstractFilterRegistrationBean configure() @258 - Mapping filter: 'requestLogFilter' to: [/*]
2018.05.30 at 10:24:42 CST INFO  org.springframework.web.servlet.mvc.method.annotation.RequestMappingHandlerAdapter initControllerAdviceCache() @534 - Looking for @ControllerAdvice: org.springframework.boot.context.embedded.AnnotationConfigEmbeddedWebApplicationContext@182f1e9a: startup date [Wed May 30 10:24:39 CST 2018]; root of context hierarchy
2018.05.30 at 10:24:43 CST INFO  org.springframework.web.servlet.handler.AbstractHandlerMethodMapping$MappingRegistry register() @543 - Mapped "{[/dept/id],methods=[GET]}" onto public com.fromqtoj.bean.Department com.fromqtoj.controller.DeptController.getDepartment(java.lang.Integer)
2018.05.30 at 10:24:43 CST INFO  org.springframework.web.servlet.handler.AbstractHandlerMethodMapping$MappingRegistry register() @543 - Mapped "{[/dept],methods=[GET]}" onto public com.fromqtoj.bean.Department com.fromqtoj.controller.DeptController.insertDept(com.fromqtoj.bean.Department)
2018.05.30 at 10:24:43 CST INFO  org.springframework.web.servlet.handler.AbstractHandlerMethodMapping$MappingRegistry register() @543 - Mapped "{[/emp/update],methods=[GET]}" onto public void com.fromqtoj.controller.EmpController.updateEmpbyId(java.lang.Integer)
2018.05.30 at 10:24:43 CST INFO  org.springframework.web.servlet.handler.AbstractHandlerMethodMapping$MappingRegistry register() @543 - Mapped "{[/emp/select],methods=[GET]}" onto public com.fromqtoj.bean.Employee com.fromqtoj.controller.EmpController.selectEmp(java.lang.Integer)
2018.05.30 at 10:24:43 CST INFO  org.springframework.web.servlet.handler.AbstractHandlerMethodMapping$MappingRegistry register() @543 - Mapped "{[/emp/delete],methods=[GET]}" onto public void com.fromqtoj.controller.EmpController.deleteEmp(java.lang.Integer)
2018.05.30 at 10:24:43 CST INFO  org.springframework.web.servlet.handler.AbstractHandlerMethodMapping$MappingRegistry register() @543 - Mapped "{[/emp],methods=[GET]}" onto public com.fromqtoj.bean.Employee com.fromqtoj.controller.EmpController.insertEmployee(com.fromqtoj.bean.Employee)
2018.05.30 at 10:24:43 CST INFO  org.springframework.web.servlet.handler.AbstractHandlerMethodMapping$MappingRegistry register() @543 - Mapped "{[/error]}" onto public org.springframework.http.ResponseEntity<java.util.Map<java.lang.String, java.lang.Object>> org.springframework.boot.autoconfigure.web.BasicErrorController.error(javax.servlet.http.HttpServletRequest)
2018.05.30 at 10:24:43 CST INFO  org.springframework.web.servlet.handler.AbstractHandlerMethodMapping$MappingRegistry register() @543 - Mapped "{[/error],produces=[text/html]}" onto public org.springframework.web.servlet.ModelAndView org.springframework.boot.autoconfigure.web.BasicErrorController.errorHtml(javax.servlet.http.HttpServletRequest,javax.servlet.http.HttpServletResponse)
2018.05.30 at 10:24:43 CST INFO  org.springframework.web.servlet.handler.AbstractUrlHandlerMapping registerHandler() @362 - Mapped URL path [/webjars/**] onto handler of type [class org.springframework.web.servlet.resource.ResourceHttpRequestHandler]
2018.05.30 at 10:24:43 CST INFO  org.springframework.web.servlet.handler.AbstractUrlHandlerMapping registerHandler() @362 - Mapped URL path [/**] onto handler of type [class org.springframework.web.servlet.resource.ResourceHttpRequestHandler]
2018.05.30 at 10:24:43 CST INFO  org.springframework.web.servlet.handler.AbstractUrlHandlerMapping registerHandler() @362 - Mapped URL path [/**/favicon.ico] onto handler of type [class org.springframework.web.servlet.resource.ResourceHttpRequestHandler]
2018.05.30 at 10:24:43 CST INFO  org.springframework.jmx.export.MBeanExporter afterSingletonsInstantiated() @431 - Registering beans for JMX exposure on startup
2018.05.30 at 10:24:43 CST INFO  org.springframework.jmx.export.MBeanExporter autodetect() @916 - Bean with name 'druid' has been autodetected for JMX exposure
2018.05.30 at 10:24:43 CST INFO  org.springframework.jmx.export.MBeanExporter registerBeanInstance() @671 - Located MBean 'druid': registering with JMX server as MBean [com.alibaba.druid.pool:name=druid,type=DruidDataSource]
2018.05.30 at 10:24:43 CST INFO  org.apache.juli.logging.DirectJDKLog log() @180 - Initializing ProtocolHandler ["http-nio-8080"]
2018.05.30 at 10:24:43 CST INFO  org.apache.juli.logging.DirectJDKLog log() @180 - Starting ProtocolHandler ["http-nio-8080"]
2018.05.30 at 10:24:43 CST INFO  org.apache.juli.logging.DirectJDKLog log() @180 - Using a shared selector for servlet write/read
2018.05.30 at 10:24:43 CST INFO  org.springframework.boot.context.embedded.tomcat.TomcatEmbeddedServletContainer start() @201 - Tomcat started on port(s): 8080 (http)
2018.05.30 at 10:24:43 CST INFO  org.springframework.boot.StartupInfoLogger logStarted() @57 - Started Log4j2DemoApplication in 4.677 seconds (JVM running for 6.939)
2018.05.30 at 10:24:59 CST INFO  org.apache.juli.logging.DirectJDKLog log() @180 - Initializing Spring FrameworkServlet 'dispatcherServlet'
2018.05.30 at 10:24:59 CST INFO  org.springframework.web.servlet.FrameworkServlet initServletBean() @489 - FrameworkServlet 'dispatcherServlet': initialization started
2018.05.30 at 10:24:59 CST INFO  org.springframework.web.servlet.FrameworkServlet initServletBean() @508 - FrameworkServlet 'dispatcherServlet': initialization completed in 31 ms
2018.05.30 at 10:24:59 CST INFO  com.fromqtoj.controller.EmpController insertEmployee() @28 - Employee 日志输出 info
2018.05.30 at 10:24:59 CST WARN  com.fromqtoj.controller.EmpController insertEmployee() @29 - Employee 日志输出 warn
2018.05.30 at 10:24:59 CST ERROR com.fromqtoj.controller.EmpController insertEmployee() @30 - Employee 日志输出 error
2018.05.30 at 10:25:00 CST INFO  com.alibaba.druid.pool.DruidDataSource init() @923 - {dataSource-1} inited
2018.05.30 at 10:25:00 CST DEBUG org.apache.ibatis.logging.jdbc.BaseJdbcLogger debug() @159 - ==>  Preparing: INSERT INTO employee(lastName,email,gender,d_id) VALUES (?,?,?,?) 
2018.05.30 at 10:25:00 CST DEBUG org.apache.ibatis.logging.jdbc.BaseJdbcLogger debug() @159 - ==> Parameters: log4j22222(String), 123@163.com(String), 1(Integer), null
2018.05.30 at 10:25:00 CST DEBUG org.apache.ibatis.logging.jdbc.BaseJdbcLogger debug() @159 - <==    Updates: 1
2018.05.30 at 10:25:00 CST INFO  com.fromqtoj.filter.RequestLogFilter doFilterInternal() @79 - requestUrl :/emp, requestBody : {}, responseBody :{"id":null,"lastName":"log4j22222","gender":1,"email":"123@163.com","dId":null}, cost time :1103 ms.
2018.05.30 at 10:26:32 CST INFO  org.springframework.boot.StartupInfoLogger logStarting() @48 - Starting Log4j2DemoApplication on ZB-PF105L6V with PID 21304 (D:\fromqtoj\log4j2Demo\target\classes started by qijian3 in D:\fromqtoj\log4j2Demo)
2018.05.30 at 10:26:32 CST INFO  org.springframework.boot.SpringApplication logStartupProfileInfo() @593 - No active profile set, falling back to default profiles: default
2018.05.30 at 10:26:33 CST INFO  org.springframework.context.support.AbstractApplicationContext prepareRefresh() @583 - Refreshing org.springframework.boot.context.embedded.AnnotationConfigEmbeddedWebApplicationContext@c7a975a: startup date [Wed May 30 10:26:33 CST 2018]; root of context hierarchy
2018.05.30 at 10:26:33 CST INFO  org.hibernate.validator.internal.util.Version <clinit>() @30 - HV000001: Hibernate Validator 5.3.6.Final
2018.05.30 at 10:26:34 CST INFO  org.springframework.boot.context.embedded.tomcat.TomcatEmbeddedServletContainer initialize() @89 - Tomcat initialized with port(s): 8080 (http)
2018.05.30 at 10:26:34 CST INFO  org.apache.juli.logging.DirectJDKLog log() @180 - Starting service [Tomcat]
2018.05.30 at 10:26:34 CST INFO  org.apache.juli.logging.DirectJDKLog log() @180 - Starting Servlet Engine: Apache Tomcat/8.5.27
2018.05.30 at 10:26:34 CST INFO  org.apache.juli.logging.DirectJDKLog log() @180 - Initializing Spring embedded WebApplicationContext
2018.05.30 at 10:26:34 CST INFO  org.springframework.boot.context.embedded.EmbeddedWebApplicationContext prepareEmbeddedWebApplicationContext() @276 - Root WebApplicationContext: initialization completed in 1824 ms
2018.05.30 at 10:26:35 CST INFO  org.springframework.boot.web.servlet.ServletRegistrationBean onStartup() @190 - Mapping servlet: 'statViewServlet' to [/druid/*]
2018.05.30 at 10:26:35 CST INFO  org.springframework.boot.web.servlet.ServletRegistrationBean onStartup() @190 - Mapping servlet: 'dispatcherServlet' to [/]
2018.05.30 at 10:26:35 CST INFO  org.springframework.boot.web.servlet.AbstractFilterRegistrationBean configure() @258 - Mapping filter: 'characterEncodingFilter' to: [/*]
2018.05.30 at 10:26:35 CST INFO  org.springframework.boot.web.servlet.AbstractFilterRegistrationBean configure() @258 - Mapping filter: 'hiddenHttpMethodFilter' to: [/*]
2018.05.30 at 10:26:35 CST INFO  org.springframework.boot.web.servlet.AbstractFilterRegistrationBean configure() @258 - Mapping filter: 'httpPutFormContentFilter' to: [/*]
2018.05.30 at 10:26:35 CST INFO  org.springframework.boot.web.servlet.AbstractFilterRegistrationBean configure() @258 - Mapping filter: 'requestContextFilter' to: [/*]
2018.05.30 at 10:26:35 CST INFO  org.springframework.boot.web.servlet.AbstractFilterRegistrationBean configure() @271 - Mapping filter: 'webStatFilter' to urls: [/*]
2018.05.30 at 10:26:35 CST INFO  org.springframework.boot.web.servlet.AbstractFilterRegistrationBean configure() @258 - Mapping filter: 'requestLogFilter' to: [/*]
2018.05.30 at 10:26:36 CST INFO  org.springframework.web.servlet.mvc.method.annotation.RequestMappingHandlerAdapter initControllerAdviceCache() @534 - Looking for @ControllerAdvice: org.springframework.boot.context.embedded.AnnotationConfigEmbeddedWebApplicationContext@c7a975a: startup date [Wed May 30 10:26:33 CST 2018]; root of context hierarchy
2018.05.30 at 10:26:36 CST INFO  org.springframework.web.servlet.handler.AbstractHandlerMethodMapping$MappingRegistry register() @543 - Mapped "{[/dept],methods=[GET]}" onto public com.fromqtoj.bean.Department com.fromqtoj.controller.DeptController.insertDept(com.fromqtoj.bean.Department)
2018.05.30 at 10:26:36 CST INFO  org.springframework.web.servlet.handler.AbstractHandlerMethodMapping$MappingRegistry register() @543 - Mapped "{[/dept/id],methods=[GET]}" onto public com.fromqtoj.bean.Department com.fromqtoj.controller.DeptController.getDepartment(java.lang.Integer)
2018.05.30 at 10:26:36 CST INFO  org.springframework.web.servlet.handler.AbstractHandlerMethodMapping$MappingRegistry register() @543 - Mapped "{[/emp],methods=[GET]}" onto public com.fromqtoj.bean.Employee com.fromqtoj.controller.EmpController.insertEmployee(com.fromqtoj.bean.Employee)
2018.05.30 at 10:26:36 CST INFO  org.springframework.web.servlet.handler.AbstractHandlerMethodMapping$MappingRegistry register() @543 - Mapped "{[/emp/update],methods=[GET]}" onto public void com.fromqtoj.controller.EmpController.updateEmpbyId(java.lang.Integer)
2018.05.30 at 10:26:36 CST INFO  org.springframework.web.servlet.handler.AbstractHandlerMethodMapping$MappingRegistry register() @543 - Mapped "{[/emp/delete],methods=[GET]}" onto public void com.fromqtoj.controller.EmpController.deleteEmp(java.lang.Integer)
2018.05.30 at 10:26:36 CST INFO  org.springframework.web.servlet.handler.AbstractHandlerMethodMapping$MappingRegistry register() @543 - Mapped "{[/emp/select],methods=[GET]}" onto public com.fromqtoj.bean.Employee com.fromqtoj.controller.EmpController.selectEmp(java.lang.Integer)
2018.05.30 at 10:26:36 CST INFO  org.springframework.web.servlet.handler.AbstractHandlerMethodMapping$MappingRegistry register() @543 - Mapped "{[/error]}" onto public org.springframework.http.ResponseEntity<java.util.Map<java.lang.String, java.lang.Object>> org.springframework.boot.autoconfigure.web.BasicErrorController.error(javax.servlet.http.HttpServletRequest)
2018.05.30 at 10:26:36 CST INFO  org.springframework.web.servlet.handler.AbstractHandlerMethodMapping$MappingRegistry register() @543 - Mapped "{[/error],produces=[text/html]}" onto public org.springframework.web.servlet.ModelAndView org.springframework.boot.autoconfigure.web.BasicErrorController.errorHtml(javax.servlet.http.HttpServletRequest,javax.servlet.http.HttpServletResponse)
2018.05.30 at 10:26:36 CST INFO  org.springframework.web.servlet.handler.AbstractUrlHandlerMapping registerHandler() @362 - Mapped URL path [/webjars/**] onto handler of type [class org.springframework.web.servlet.resource.ResourceHttpRequestHandler]
2018.05.30 at 10:26:36 CST INFO  org.springframework.web.servlet.handler.AbstractUrlHandlerMapping registerHandler() @362 - Mapped URL path [/**] onto handler of type [class org.springframework.web.servlet.resource.ResourceHttpRequestHandler]
2018.05.30 at 10:26:36 CST INFO  org.springframework.web.servlet.handler.AbstractUrlHandlerMapping registerHandler() @362 - Mapped URL path [/**/favicon.ico] onto handler of type [class org.springframework.web.servlet.resource.ResourceHttpRequestHandler]
2018.05.30 at 10:26:37 CST INFO  org.springframework.jmx.export.MBeanExporter afterSingletonsInstantiated() @431 - Registering beans for JMX exposure on startup
2018.05.30 at 10:26:37 CST INFO  org.springframework.jmx.export.MBeanExporter autodetect() @916 - Bean with name 'druid' has been autodetected for JMX exposure
2018.05.30 at 10:26:37 CST INFO  org.springframework.jmx.export.MBeanExporter registerBeanInstance() @671 - Located MBean 'druid': registering with JMX server as MBean [com.alibaba.druid.pool:name=druid,type=DruidDataSource]
2018.05.30 at 10:26:37 CST INFO  org.apache.juli.logging.DirectJDKLog log() @180 - Initializing ProtocolHandler ["http-nio-8080"]
2018.05.30 at 10:26:37 CST INFO  org.apache.juli.logging.DirectJDKLog log() @180 - Starting ProtocolHandler ["http-nio-8080"]
2018.05.30 at 10:26:37 CST INFO  org.apache.juli.logging.DirectJDKLog log() @180 - Using a shared selector for servlet write/read
2018.05.30 at 10:26:37 CST INFO  org.springframework.boot.context.embedded.tomcat.TomcatEmbeddedServletContainer start() @201 - Tomcat started on port(s): 8080 (http)
2018.05.30 at 10:26:37 CST INFO  org.springframework.boot.StartupInfoLogger logStarted() @57 - Started Log4j2DemoApplication in 5.302 seconds (JVM running for 7.523)
2018.05.30 at 10:26:37 CST INFO  org.apache.juli.logging.DirectJDKLog log() @180 - Initializing Spring FrameworkServlet 'dispatcherServlet'
2018.05.30 at 10:26:37 CST INFO  org.springframework.web.servlet.FrameworkServlet initServletBean() @489 - FrameworkServlet 'dispatcherServlet': initialization started
2018.05.30 at 10:26:37 CST INFO  org.springframework.web.servlet.FrameworkServlet initServletBean() @508 - FrameworkServlet 'dispatcherServlet': initialization completed in 97 ms
2018.05.30 at 10:26:38 CST INFO  com.fromqtoj.controller.EmpController insertEmployee() @28 - Employee 日志输出 info
2018.05.30 at 10:26:38 CST WARN  com.fromqtoj.controller.EmpController insertEmployee() @29 - Employee 日志输出 warn
2018.05.30 at 10:26:38 CST ERROR com.fromqtoj.controller.EmpController insertEmployee() @30 - Employee 日志输出 error
2018.05.30 at 10:26:38 CST INFO  com.alibaba.druid.pool.DruidDataSource init() @923 - {dataSource-1} inited
2018.05.30 at 10:26:38 CST DEBUG org.apache.ibatis.logging.jdbc.BaseJdbcLogger debug() @159 - ==>  Preparing: INSERT INTO employee(lastName,email,gender,d_id) VALUES (?,?,?,?) 
2018.05.30 at 10:26:38 CST DEBUG org.apache.ibatis.logging.jdbc.BaseJdbcLogger debug() @159 - ==> Parameters: log4j22222(String), 123@163.com(String), 1(Integer), null
2018.05.30 at 10:26:39 CST DEBUG org.apache.ibatis.logging.jdbc.BaseJdbcLogger debug() @159 - <==    Updates: 1
2018.05.30 at 10:26:39 CST INFO  com.fromqtoj.filter.RequestLogFilter doFilterInternal() @79 - requestUrl :/emp, requestBody : {}, responseBody :{"id":null,"lastName":"log4j22222","gender":1,"email":"123@163.com","dId":null}, cost time :1061 ms.
2018.05.30 at 10:28:35 CST INFO  org.springframework.boot.StartupInfoLogger logStarting() @48 - Starting Log4j2DemoApplication on ZB-PF105L6V with PID 17644 (D:\fromqtoj\log4j2Demo\target\classes started by qijian3 in D:\fromqtoj\log4j2Demo)
2018.05.30 at 10:28:35 CST INFO  org.springframework.boot.SpringApplication logStartupProfileInfo() @593 - No active profile set, falling back to default profiles: default
2018.05.30 at 10:28:35 CST INFO  org.springframework.context.support.AbstractApplicationContext prepareRefresh() @583 - Refreshing org.springframework.boot.context.embedded.AnnotationConfigEmbeddedWebApplicationContext@5fe8b721: startup date [Wed May 30 10:28:35 CST 2018]; root of context hierarchy
2018.05.30 at 10:28:35 CST INFO  org.hibernate.validator.internal.util.Version <clinit>() @30 - HV000001: Hibernate Validator 5.3.6.Final
2018.05.30 at 10:28:37 CST INFO  org.springframework.boot.context.embedded.tomcat.TomcatEmbeddedServletContainer initialize() @89 - Tomcat initialized with port(s): 8080 (http)
2018.05.30 at 10:28:37 CST INFO  org.apache.juli.logging.DirectJDKLog log() @180 - Starting service [Tomcat]
2018.05.30 at 10:28:37 CST INFO  org.apache.juli.logging.DirectJDKLog log() @180 - Starting Servlet Engine: Apache Tomcat/8.5.27
2018.05.30 at 10:28:37 CST INFO  org.apache.juli.logging.DirectJDKLog log() @180 - Initializing Spring embedded WebApplicationContext
2018.05.30 at 10:28:37 CST INFO  org.springframework.boot.context.embedded.EmbeddedWebApplicationContext prepareEmbeddedWebApplicationContext() @276 - Root WebApplicationContext: initialization completed in 1721 ms
2018.05.30 at 10:28:37 CST INFO  org.springframework.boot.web.servlet.ServletRegistrationBean onStartup() @190 - Mapping servlet: 'statViewServlet' to [/druid/*]
2018.05.30 at 10:28:37 CST INFO  org.springframework.boot.web.servlet.ServletRegistrationBean onStartup() @190 - Mapping servlet: 'dispatcherServlet' to [/]
2018.05.30 at 10:28:37 CST INFO  org.springframework.boot.web.servlet.AbstractFilterRegistrationBean configure() @258 - Mapping filter: 'characterEncodingFilter' to: [/*]
2018.05.30 at 10:28:37 CST INFO  org.springframework.boot.web.servlet.AbstractFilterRegistrationBean configure() @258 - Mapping filter: 'hiddenHttpMethodFilter' to: [/*]
2018.05.30 at 10:28:37 CST INFO  org.springframework.boot.web.servlet.AbstractFilterRegistrationBean configure() @258 - Mapping filter: 'httpPutFormContentFilter' to: [/*]
2018.05.30 at 10:28:37 CST INFO  org.springframework.boot.web.servlet.AbstractFilterRegistrationBean configure() @258 - Mapping filter: 'requestContextFilter' to: [/*]
2018.05.30 at 10:28:37 CST INFO  org.springframework.boot.web.servlet.AbstractFilterRegistrationBean configure() @271 - Mapping filter: 'webStatFilter' to urls: [/*]
2018.05.30 at 10:28:37 CST INFO  org.springframework.boot.web.servlet.AbstractFilterRegistrationBean configure() @258 - Mapping filter: 'requestLogFilter' to: [/*]
2018.05.30 at 10:28:38 CST INFO  org.springframework.web.servlet.mvc.method.annotation.RequestMappingHandlerAdapter initControllerAdviceCache() @534 - Looking for @ControllerAdvice: org.springframework.boot.context.embedded.AnnotationConfigEmbeddedWebApplicationContext@5fe8b721: startup date [Wed May 30 10:28:35 CST 2018]; root of context hierarchy
2018.05.30 at 10:28:38 CST INFO  org.springframework.web.servlet.handler.AbstractHandlerMethodMapping$MappingRegistry register() @543 - Mapped "{[/dept/id],methods=[GET]}" onto public com.fromqtoj.bean.Department com.fromqtoj.controller.DeptController.getDepartment(java.lang.Integer)
2018.05.30 at 10:28:38 CST INFO  org.springframework.web.servlet.handler.AbstractHandlerMethodMapping$MappingRegistry register() @543 - Mapped "{[/dept],methods=[GET]}" onto public com.fromqtoj.bean.Department com.fromqtoj.controller.DeptController.insertDept(com.fromqtoj.bean.Department)
2018.05.30 at 10:28:38 CST INFO  org.springframework.web.servlet.handler.AbstractHandlerMethodMapping$MappingRegistry register() @543 - Mapped "{[/emp],methods=[GET]}" onto public com.fromqtoj.bean.Employee com.fromqtoj.controller.EmpController.insertEmployee(com.fromqtoj.bean.Employee)
2018.05.30 at 10:28:38 CST INFO  org.springframework.web.servlet.handler.AbstractHandlerMethodMapping$MappingRegistry register() @543 - Mapped "{[/emp/update],methods=[GET]}" onto public void com.fromqtoj.controller.EmpController.updateEmpbyId(java.lang.Integer)
2018.05.30 at 10:28:38 CST INFO  org.springframework.web.servlet.handler.AbstractHandlerMethodMapping$MappingRegistry register() @543 - Mapped "{[/emp/delete],methods=[GET]}" onto public void com.fromqtoj.controller.EmpController.deleteEmp(java.lang.Integer)
2018.05.30 at 10:28:38 CST INFO  org.springframework.web.servlet.handler.AbstractHandlerMethodMapping$MappingRegistry register() @543 - Mapped "{[/emp/select],methods=[GET]}" onto public com.fromqtoj.bean.Employee com.fromqtoj.controller.EmpController.selectEmp(java.lang.Integer)
2018.05.30 at 10:28:38 CST INFO  org.springframework.web.servlet.handler.AbstractHandlerMethodMapping$MappingRegistry register() @543 - Mapped "{[/error]}" onto public org.springframework.http.ResponseEntity<java.util.Map<java.lang.String, java.lang.Object>> org.springframework.boot.autoconfigure.web.BasicErrorController.error(javax.servlet.http.HttpServletRequest)
2018.05.30 at 10:28:38 CST INFO  org.springframework.web.servlet.handler.AbstractHandlerMethodMapping$MappingRegistry register() @543 - Mapped "{[/error],produces=[text/html]}" onto public org.springframework.web.servlet.ModelAndView org.springframework.boot.autoconfigure.web.BasicErrorController.errorHtml(javax.servlet.http.HttpServletRequest,javax.servlet.http.HttpServletResponse)
2018.05.30 at 10:28:38 CST INFO  org.springframework.web.servlet.handler.AbstractUrlHandlerMapping registerHandler() @362 - Mapped URL path [/webjars/**] onto handler of type [class org.springframework.web.servlet.resource.ResourceHttpRequestHandler]
2018.05.30 at 10:28:38 CST INFO  org.springframework.web.servlet.handler.AbstractUrlHandlerMapping registerHandler() @362 - Mapped URL path [/**] onto handler of type [class org.springframework.web.servlet.resource.ResourceHttpRequestHandler]
2018.05.30 at 10:28:38 CST INFO  org.springframework.web.servlet.handler.AbstractUrlHandlerMapping registerHandler() @362 - Mapped URL path [/**/favicon.ico] onto handler of type [class org.springframework.web.servlet.resource.ResourceHttpRequestHandler]
2018.05.30 at 10:28:39 CST INFO  org.springframework.jmx.export.MBeanExporter afterSingletonsInstantiated() @431 - Registering beans for JMX exposure on startup
2018.05.30 at 10:28:39 CST INFO  org.springframework.jmx.export.MBeanExporter autodetect() @916 - Bean with name 'druid' has been autodetected for JMX exposure
2018.05.30 at 10:28:39 CST INFO  org.springframework.jmx.export.MBeanExporter registerBeanInstance() @671 - Located MBean 'druid': registering with JMX server as MBean [com.alibaba.druid.pool:name=druid,type=DruidDataSource]
2018.05.30 at 10:28:39 CST INFO  org.apache.juli.logging.DirectJDKLog log() @180 - Initializing ProtocolHandler ["http-nio-8080"]
2018.05.30 at 10:28:39 CST INFO  org.apache.juli.logging.DirectJDKLog log() @180 - Starting ProtocolHandler ["http-nio-8080"]
2018.05.30 at 10:28:39 CST INFO  org.apache.juli.logging.DirectJDKLog log() @180 - Using a shared selector for servlet write/read
2018.05.30 at 10:28:39 CST INFO  org.springframework.boot.context.embedded.tomcat.TomcatEmbeddedServletContainer start() @201 - Tomcat started on port(s): 8080 (http)
2018.05.30 at 10:28:39 CST INFO  org.springframework.boot.StartupInfoLogger logStarted() @57 - Started Log4j2DemoApplication in 4.648 seconds (JVM running for 6.793)
2018.05.30 at 10:28:59 CST INFO  org.springframework.boot.StartupInfoLogger logStarting() @48 - Starting Log4j2DemoApplication on ZB-PF105L6V with PID 20124 (D:\fromqtoj\log4j2Demo\target\classes started by qijian3 in D:\fromqtoj\log4j2Demo)
2018.05.30 at 10:28:59 CST INFO  org.springframework.boot.SpringApplication logStartupProfileInfo() @593 - No active profile set, falling back to default profiles: default
2018.05.30 at 10:28:59 CST INFO  org.springframework.context.support.AbstractApplicationContext prepareRefresh() @583 - Refreshing org.springframework.boot.context.embedded.AnnotationConfigEmbeddedWebApplicationContext@740abb5: startup date [Wed May 30 10:28:59 CST 2018]; root of context hierarchy
2018.05.30 at 10:28:59 CST INFO  org.hibernate.validator.internal.util.Version <clinit>() @30 - HV000001: Hibernate Validator 5.3.6.Final
2018.05.30 at 10:29:01 CST INFO  org.springframework.boot.context.embedded.tomcat.TomcatEmbeddedServletContainer initialize() @89 - Tomcat initialized with port(s): 8080 (http)
2018.05.30 at 10:29:01 CST INFO  org.apache.juli.logging.DirectJDKLog log() @180 - Starting service [Tomcat]
2018.05.30 at 10:29:01 CST INFO  org.apache.juli.logging.DirectJDKLog log() @180 - Starting Servlet Engine: Apache Tomcat/8.5.27
2018.05.30 at 10:29:01 CST INFO  org.apache.juli.logging.DirectJDKLog log() @180 - Initializing Spring embedded WebApplicationContext
2018.05.30 at 10:29:01 CST INFO  org.springframework.boot.context.embedded.EmbeddedWebApplicationContext prepareEmbeddedWebApplicationContext() @276 - Root WebApplicationContext: initialization completed in 1980 ms
2018.05.30 at 10:29:01 CST INFO  org.springframework.boot.web.servlet.ServletRegistrationBean onStartup() @190 - Mapping servlet: 'statViewServlet' to [/druid/*]
2018.05.30 at 10:29:01 CST INFO  org.springframework.boot.web.servlet.ServletRegistrationBean onStartup() @190 - Mapping servlet: 'dispatcherServlet' to [/]
2018.05.30 at 10:29:01 CST INFO  org.springframework.boot.web.servlet.AbstractFilterRegistrationBean configure() @258 - Mapping filter: 'characterEncodingFilter' to: [/*]
2018.05.30 at 10:29:01 CST INFO  org.springframework.boot.web.servlet.AbstractFilterRegistrationBean configure() @258 - Mapping filter: 'hiddenHttpMethodFilter' to: [/*]
2018.05.30 at 10:29:01 CST INFO  org.springframework.boot.web.servlet.AbstractFilterRegistrationBean configure() @258 - Mapping filter: 'httpPutFormContentFilter' to: [/*]
2018.05.30 at 10:29:01 CST INFO  org.springframework.boot.web.servlet.AbstractFilterRegistrationBean configure() @258 - Mapping filter: 'requestContextFilter' to: [/*]
2018.05.30 at 10:29:01 CST INFO  org.springframework.boot.web.servlet.AbstractFilterRegistrationBean configure() @271 - Mapping filter: 'webStatFilter' to urls: [/*]
2018.05.30 at 10:29:01 CST INFO  org.springframework.boot.web.servlet.AbstractFilterRegistrationBean configure() @258 - Mapping filter: 'requestLogFilter' to: [/*]
2018.05.30 at 10:29:02 CST INFO  org.springframework.web.servlet.mvc.method.annotation.RequestMappingHandlerAdapter initControllerAdviceCache() @534 - Looking for @ControllerAdvice: org.springframework.boot.context.embedded.AnnotationConfigEmbeddedWebApplicationContext@740abb5: startup date [Wed May 30 10:28:59 CST 2018]; root of context hierarchy
2018.05.30 at 10:29:02 CST INFO  org.springframework.web.servlet.handler.AbstractHandlerMethodMapping$MappingRegistry register() @543 - Mapped "{[/dept],methods=[GET]}" onto public com.fromqtoj.bean.Department com.fromqtoj.controller.DeptController.insertDept(com.fromqtoj.bean.Department)
2018.05.30 at 10:29:02 CST INFO  org.springframework.web.servlet.handler.AbstractHandlerMethodMapping$MappingRegistry register() @543 - Mapped "{[/dept/id],methods=[GET]}" onto public com.fromqtoj.bean.Department com.fromqtoj.controller.DeptController.getDepartment(java.lang.Integer)
2018.05.30 at 10:29:02 CST INFO  org.springframework.web.servlet.handler.AbstractHandlerMethodMapping$MappingRegistry register() @543 - Mapped "{[/emp/select],methods=[GET]}" onto public com.fromqtoj.bean.Employee com.fromqtoj.controller.EmpController.selectEmp(java.lang.Integer)
2018.05.30 at 10:29:02 CST INFO  org.springframework.web.servlet.handler.AbstractHandlerMethodMapping$MappingRegistry register() @543 - Mapped "{[/emp/update],methods=[GET]}" onto public void com.fromqtoj.controller.EmpController.updateEmpbyId(java.lang.Integer)
2018.05.30 at 10:29:02 CST INFO  org.springframework.web.servlet.handler.AbstractHandlerMethodMapping$MappingRegistry register() @543 - Mapped "{[/emp],methods=[GET]}" onto public com.fromqtoj.bean.Employee com.fromqtoj.controller.EmpController.insertEmployee(com.fromqtoj.bean.Employee)
2018.05.30 at 10:29:02 CST INFO  org.springframework.web.servlet.handler.AbstractHandlerMethodMapping$MappingRegistry register() @543 - Mapped "{[/emp/delete],methods=[GET]}" onto public void com.fromqtoj.controller.EmpController.deleteEmp(java.lang.Integer)
2018.05.30 at 10:29:02 CST INFO  org.springframework.web.servlet.handler.AbstractHandlerMethodMapping$MappingRegistry register() @543 - Mapped "{[/error]}" onto public org.springframework.http.ResponseEntity<java.util.Map<java.lang.String, java.lang.Object>> org.springframework.boot.autoconfigure.web.BasicErrorController.error(javax.servlet.http.HttpServletRequest)
2018.05.30 at 10:29:02 CST INFO  org.springframework.web.servlet.handler.AbstractHandlerMethodMapping$MappingRegistry register() @543 - Mapped "{[/error],produces=[text/html]}" onto public org.springframework.web.servlet.ModelAndView org.springframework.boot.autoconfigure.web.BasicErrorController.errorHtml(javax.servlet.http.HttpServletRequest,javax.servlet.http.HttpServletResponse)
2018.05.30 at 10:29:02 CST INFO  org.springframework.web.servlet.handler.AbstractUrlHandlerMapping registerHandler() @362 - Mapped URL path [/webjars/**] onto handler of type [class org.springframework.web.servlet.resource.ResourceHttpRequestHandler]
2018.05.30 at 10:29:02 CST INFO  org.springframework.web.servlet.handler.AbstractUrlHandlerMapping registerHandler() @362 - Mapped URL path [/**] onto handler of type [class org.springframework.web.servlet.resource.ResourceHttpRequestHandler]
2018.05.30 at 10:29:02 CST INFO  org.springframework.web.servlet.handler.AbstractUrlHandlerMapping registerHandler() @362 - Mapped URL path [/**/favicon.ico] onto handler of type [class org.springframework.web.servlet.resource.ResourceHttpRequestHandler]
2018.05.30 at 10:29:03 CST INFO  org.springframework.jmx.export.MBeanExporter afterSingletonsInstantiated() @431 - Registering beans for JMX exposure on startup
2018.05.30 at 10:29:03 CST INFO  org.springframework.jmx.export.MBeanExporter autodetect() @916 - Bean with name 'druid' has been autodetected for JMX exposure
2018.05.30 at 10:29:03 CST INFO  org.springframework.jmx.export.MBeanExporter registerBeanInstance() @671 - Located MBean 'druid': registering with JMX server as MBean [com.alibaba.druid.pool:name=druid,type=DruidDataSource]
2018.05.30 at 10:29:03 CST INFO  org.apache.juli.logging.DirectJDKLog log() @180 - Initializing ProtocolHandler ["http-nio-8080"]
2018.05.30 at 10:29:03 CST INFO  org.apache.juli.logging.DirectJDKLog log() @180 - Starting ProtocolHandler ["http-nio-8080"]
2018.05.30 at 10:29:03 CST INFO  org.apache.juli.logging.DirectJDKLog log() @180 - Using a shared selector for servlet write/read
2018.05.30 at 10:29:03 CST INFO  org.springframework.boot.context.embedded.tomcat.TomcatEmbeddedServletContainer start() @201 - Tomcat started on port(s): 8080 (http)
2018.05.30 at 10:29:03 CST INFO  org.springframework.boot.StartupInfoLogger logStarted() @57 - Started Log4j2DemoApplication in 5.12 seconds (JVM running for 7.593)
2018.05.30 at 10:29:11 CST INFO  org.apache.juli.logging.DirectJDKLog log() @180 - Initializing Spring FrameworkServlet 'dispatcherServlet'
2018.05.30 at 10:29:11 CST INFO  org.springframework.web.servlet.FrameworkServlet initServletBean() @489 - FrameworkServlet 'dispatcherServlet': initialization started
2018.05.30 at 10:29:11 CST INFO  org.springframework.web.servlet.FrameworkServlet initServletBean() @508 - FrameworkServlet 'dispatcherServlet': initialization completed in 27 ms
2018.05.30 at 10:29:11 CST INFO  com.fromqtoj.controller.EmpController insertEmployee() @28 - Employee 日志输出 info
2018.05.30 at 10:29:11 CST WARN  com.fromqtoj.controller.EmpController insertEmployee() @29 - Employee 日志输出 warn
2018.05.30 at 10:29:11 CST ERROR com.fromqtoj.controller.EmpController insertEmployee() @30 - Employee 日志输出 error
2018.05.30 at 10:29:11 CST INFO  com.alibaba.druid.pool.DruidDataSource init() @923 - {dataSource-1} inited
2018.05.30 at 10:29:11 CST DEBUG org.apache.ibatis.logging.jdbc.BaseJdbcLogger debug() @159 - ==>  Preparing: INSERT INTO employee(lastName,email,gender,d_id) VALUES (?,?,?,?) 
2018.05.30 at 10:29:12 CST DEBUG org.apache.ibatis.logging.jdbc.BaseJdbcLogger debug() @159 - ==> Parameters: log4j22222(String), 123@163.com(String), 1(Integer), null
2018.05.30 at 10:29:12 CST DEBUG org.apache.ibatis.logging.jdbc.BaseJdbcLogger debug() @159 - <==    Updates: 1
2018.05.30 at 10:29:12 CST INFO  com.fromqtoj.filter.RequestLogFilter doFilterInternal() @79 - requestUrl :/emp, requestBody : {}, responseBody :{"id":null,"lastName":"log4j22222","gender":1,"email":"123@163.com","dId":null}, cost time :992 ms.
2018.05.30 at 10:31:53 CST INFO  org.springframework.boot.StartupInfoLogger logStarting() @48 - Starting Log4j2DemoApplication on ZB-PF105L6V with PID 19916 (D:\fromqtoj\log4j2Demo\target\classes started by qijian3 in D:\fromqtoj\log4j2Demo)
2018.05.30 at 10:31:53 CST INFO  org.springframework.boot.SpringApplication logStartupProfileInfo() @593 - No active profile set, falling back to default profiles: default
2018.05.30 at 10:31:53 CST INFO  org.springframework.context.support.AbstractApplicationContext prepareRefresh() @583 - Refreshing org.springframework.boot.context.embedded.AnnotationConfigEmbeddedWebApplicationContext@560cbf1a: startup date [Wed May 30 10:31:53 CST 2018]; root of context hierarchy
2018.05.30 at 10:31:53 CST INFO  org.hibernate.validator.internal.util.Version <clinit>() @30 - HV000001: Hibernate Validator 5.3.6.Final
2018.05.30 at 10:31:55 CST INFO  org.springframework.boot.context.embedded.tomcat.TomcatEmbeddedServletContainer initialize() @89 - Tomcat initialized with port(s): 8080 (http)
2018.05.30 at 10:31:55 CST INFO  org.apache.juli.logging.DirectJDKLog log() @180 - Starting service [Tomcat]
2018.05.30 at 10:31:55 CST INFO  org.apache.juli.logging.DirectJDKLog log() @180 - Starting Servlet Engine: Apache Tomcat/8.5.27
2018.05.30 at 10:31:56 CST INFO  org.apache.juli.logging.DirectJDKLog log() @180 - Initializing Spring embedded WebApplicationContext
2018.05.30 at 10:31:56 CST INFO  org.springframework.boot.context.embedded.EmbeddedWebApplicationContext prepareEmbeddedWebApplicationContext() @276 - Root WebApplicationContext: initialization completed in 2716 ms
2018.05.30 at 10:31:56 CST INFO  org.springframework.boot.web.servlet.ServletRegistrationBean onStartup() @190 - Mapping servlet: 'statViewServlet' to [/druid/*]
2018.05.30 at 10:31:56 CST INFO  org.springframework.boot.web.servlet.ServletRegistrationBean onStartup() @190 - Mapping servlet: 'dispatcherServlet' to [/]
2018.05.30 at 10:31:56 CST INFO  org.springframework.boot.web.servlet.AbstractFilterRegistrationBean configure() @258 - Mapping filter: 'characterEncodingFilter' to: [/*]
2018.05.30 at 10:31:56 CST INFO  org.springframework.boot.web.servlet.AbstractFilterRegistrationBean configure() @258 - Mapping filter: 'hiddenHttpMethodFilter' to: [/*]
2018.05.30 at 10:31:56 CST INFO  org.springframework.boot.web.servlet.AbstractFilterRegistrationBean configure() @258 - Mapping filter: 'httpPutFormContentFilter' to: [/*]
2018.05.30 at 10:31:56 CST INFO  org.springframework.boot.web.servlet.AbstractFilterRegistrationBean configure() @258 - Mapping filter: 'requestContextFilter' to: [/*]
2018.05.30 at 10:31:56 CST INFO  org.springframework.boot.web.servlet.AbstractFilterRegistrationBean configure() @271 - Mapping filter: 'webStatFilter' to urls: [/*]
2018.05.30 at 10:31:56 CST INFO  org.springframework.boot.web.servlet.AbstractFilterRegistrationBean configure() @258 - Mapping filter: 'requestLogFilter' to: [/*]
2018.05.30 at 10:31:58 CST INFO  org.springframework.web.servlet.mvc.method.annotation.RequestMappingHandlerAdapter initControllerAdviceCache() @534 - Looking for @ControllerAdvice: org.springframework.boot.context.embedded.AnnotationConfigEmbeddedWebApplicationContext@560cbf1a: startup date [Wed May 30 10:31:53 CST 2018]; root of context hierarchy
2018.05.30 at 10:31:59 CST INFO  org.springframework.web.servlet.handler.AbstractHandlerMethodMapping$MappingRegistry register() @543 - Mapped "{[/dept/id],methods=[GET]}" onto public com.fromqtoj.bean.Department com.fromqtoj.controller.DeptController.getDepartment(java.lang.Integer)
2018.05.30 at 10:31:59 CST INFO  org.springframework.web.servlet.handler.AbstractHandlerMethodMapping$MappingRegistry register() @543 - Mapped "{[/dept],methods=[GET]}" onto public com.fromqtoj.bean.Department com.fromqtoj.controller.DeptController.insertDept(com.fromqtoj.bean.Department)
2018.05.30 at 10:31:59 CST INFO  org.springframework.web.servlet.handler.AbstractHandlerMethodMapping$MappingRegistry register() @543 - Mapped "{[/emp/update],methods=[GET]}" onto public void com.fromqtoj.controller.EmpController.updateEmpbyId(java.lang.Integer)
2018.05.30 at 10:31:59 CST INFO  org.springframework.web.servlet.handler.AbstractHandlerMethodMapping$MappingRegistry register() @543 - Mapped "{[/emp/delete],methods=[GET]}" onto public void com.fromqtoj.controller.EmpController.deleteEmp(java.lang.Integer)
2018.05.30 at 10:31:59 CST INFO  org.springframework.web.servlet.handler.AbstractHandlerMethodMapping$MappingRegistry register() @543 - Mapped "{[/emp],methods=[GET]}" onto public com.fromqtoj.bean.Employee com.fromqtoj.controller.EmpController.insertEmployee(com.fromqtoj.bean.Employee)
2018.05.30 at 10:31:59 CST INFO  org.springframework.web.servlet.handler.AbstractHandlerMethodMapping$MappingRegistry register() @543 - Mapped "{[/emp/select],methods=[GET]}" onto public com.fromqtoj.bean.Employee com.fromqtoj.controller.EmpController.selectEmp(java.lang.Integer)
2018.05.30 at 10:31:59 CST INFO  org.springframework.web.servlet.handler.AbstractHandlerMethodMapping$MappingRegistry register() @543 - Mapped "{[/error]}" onto public org.springframework.http.ResponseEntity<java.util.Map<java.lang.String, java.lang.Object>> org.springframework.boot.autoconfigure.web.BasicErrorController.error(javax.servlet.http.HttpServletRequest)
2018.05.30 at 10:31:59 CST INFO  org.springframework.web.servlet.handler.AbstractHandlerMethodMapping$MappingRegistry register() @543 - Mapped "{[/error],produces=[text/html]}" onto public org.springframework.web.servlet.ModelAndView org.springframework.boot.autoconfigure.web.BasicErrorController.errorHtml(javax.servlet.http.HttpServletRequest,javax.servlet.http.HttpServletResponse)
2018.05.30 at 10:31:59 CST INFO  org.springframework.web.servlet.handler.AbstractUrlHandlerMapping registerHandler() @362 - Mapped URL path [/webjars/**] onto handler of type [class org.springframework.web.servlet.resource.ResourceHttpRequestHandler]
2018.05.30 at 10:31:59 CST INFO  org.springframework.web.servlet.handler.AbstractUrlHandlerMapping registerHandler() @362 - Mapped URL path [/**] onto handler of type [class org.springframework.web.servlet.resource.ResourceHttpRequestHandler]
2018.05.30 at 10:31:59 CST INFO  org.springframework.web.servlet.handler.AbstractUrlHandlerMapping registerHandler() @362 - Mapped URL path [/**/favicon.ico] onto handler of type [class org.springframework.web.servlet.resource.ResourceHttpRequestHandler]
2018.05.30 at 10:31:59 CST INFO  org.springframework.jmx.export.MBeanExporter afterSingletonsInstantiated() @431 - Registering beans for JMX exposure on startup
2018.05.30 at 10:31:59 CST INFO  org.springframework.jmx.export.MBeanExporter autodetect() @916 - Bean with name 'druid' has been autodetected for JMX exposure
2018.05.30 at 10:31:59 CST INFO  org.springframework.jmx.export.MBeanExporter registerBeanInstance() @671 - Located MBean 'druid': registering with JMX server as MBean [com.alibaba.druid.pool:name=druid,type=DruidDataSource]
2018.05.30 at 10:31:59 CST INFO  org.apache.juli.logging.DirectJDKLog log() @180 - Initializing ProtocolHandler ["http-nio-8080"]
2018.05.30 at 10:31:59 CST INFO  org.apache.juli.logging.DirectJDKLog log() @180 - Starting ProtocolHandler ["http-nio-8080"]
2018.05.30 at 10:31:59 CST INFO  org.apache.juli.logging.DirectJDKLog log() @180 - Using a shared selector for servlet write/read
2018.05.30 at 10:31:59 CST INFO  org.springframework.boot.context.embedded.tomcat.TomcatEmbeddedServletContainer start() @201 - Tomcat started on port(s): 8080 (http)
2018.05.30 at 10:31:59 CST INFO  org.springframework.boot.StartupInfoLogger logStarted() @57 - Started Log4j2DemoApplication in 7.01 seconds (JVM running for 9.931)
2018.05.30 at 10:32:00 CST INFO  org.apache.juli.logging.DirectJDKLog log() @180 - Initializing Spring FrameworkServlet 'dispatcherServlet'
2018.05.30 at 10:32:00 CST INFO  org.springframework.web.servlet.FrameworkServlet initServletBean() @489 - FrameworkServlet 'dispatcherServlet': initialization started
2018.05.30 at 10:32:00 CST INFO  org.springframework.web.servlet.FrameworkServlet initServletBean() @508 - FrameworkServlet 'dispatcherServlet': initialization completed in 39 ms
2018.05.30 at 10:32:00 CST INFO  com.fromqtoj.controller.EmpController insertEmployee() @28 - Employee 日志输出 info
2018.05.30 at 10:32:00 CST WARN  com.fromqtoj.controller.EmpController insertEmployee() @29 - Employee 日志输出 warn
2018.05.30 at 10:32:00 CST ERROR com.fromqtoj.controller.EmpController insertEmployee() @30 - Employee 日志输出 error
2018.05.30 at 10:32:01 CST INFO  com.alibaba.druid.pool.DruidDataSource init() @923 - {dataSource-1} inited
2018.05.30 at 10:32:01 CST DEBUG org.apache.ibatis.logging.jdbc.BaseJdbcLogger debug() @159 - ==>  Preparing: INSERT INTO employee(lastName,email,gender,d_id) VALUES (?,?,?,?) 
2018.05.30 at 10:32:01 CST DEBUG org.apache.ibatis.logging.jdbc.BaseJdbcLogger debug() @159 - ==> Parameters: log4j22222(String), 123@163.com(String), 1(Integer), null
2018.05.30 at 10:32:01 CST DEBUG org.apache.ibatis.logging.jdbc.BaseJdbcLogger debug() @159 - <==    Updates: 1
2018.05.30 at 10:32:01 CST INFO  com.fromqtoj.filter.RequestLogFilter doFilterInternal() @79 - requestUrl :/emp, requestBody : {}, responseBody :{"id":null,"lastName":"log4j22222","gender":1,"email":"123@163.com","dId":null}, cost time :904 ms.
2018.05.30 at 10:33:06 CST INFO  org.springframework.boot.StartupInfoLogger logStarting() @48 - Starting Log4j2DemoApplication on ZB-PF105L6V with PID 21384 (D:\fromqtoj\log4j2Demo\target\classes started by qijian3 in D:\fromqtoj\log4j2Demo)
2018.05.30 at 10:33:06 CST INFO  org.springframework.boot.SpringApplication logStartupProfileInfo() @593 - No active profile set, falling back to default profiles: default
2018.05.30 at 10:33:06 CST INFO  org.springframework.context.support.AbstractApplicationContext prepareRefresh() @583 - Refreshing org.springframework.boot.context.embedded.AnnotationConfigEmbeddedWebApplicationContext@c7a975a: startup date [Wed May 30 10:33:06 CST 2018]; root of context hierarchy
2018.05.30 at 10:33:06 CST INFO  org.hibernate.validator.internal.util.Version <clinit>() @30 - HV000001: Hibernate Validator 5.3.6.Final
2018.05.30 at 10:33:08 CST INFO  org.springframework.boot.context.embedded.tomcat.TomcatEmbeddedServletContainer initialize() @89 - Tomcat initialized with port(s): 8080 (http)
2018.05.30 at 10:33:08 CST INFO  org.apache.juli.logging.DirectJDKLog log() @180 - Starting service [Tomcat]
2018.05.30 at 10:33:08 CST INFO  org.apache.juli.logging.DirectJDKLog log() @180 - Starting Servlet Engine: Apache Tomcat/8.5.27
2018.05.30 at 10:33:08 CST INFO  org.apache.juli.logging.DirectJDKLog log() @180 - Initializing Spring embedded WebApplicationContext
2018.05.30 at 10:33:08 CST INFO  org.springframework.boot.context.embedded.EmbeddedWebApplicationContext prepareEmbeddedWebApplicationContext() @276 - Root WebApplicationContext: initialization completed in 2348 ms
2018.05.30 at 10:33:08 CST INFO  org.springframework.boot.web.servlet.ServletRegistrationBean onStartup() @190 - Mapping servlet: 'statViewServlet' to [/druid/*]
2018.05.30 at 10:33:08 CST INFO  org.springframework.boot.web.servlet.ServletRegistrationBean onStartup() @190 - Mapping servlet: 'dispatcherServlet' to [/]
2018.05.30 at 10:33:08 CST INFO  org.springframework.boot.web.servlet.AbstractFilterRegistrationBean configure() @258 - Mapping filter: 'characterEncodingFilter' to: [/*]
2018.05.30 at 10:33:08 CST INFO  org.springframework.boot.web.servlet.AbstractFilterRegistrationBean configure() @258 - Mapping filter: 'hiddenHttpMethodFilter' to: [/*]
2018.05.30 at 10:33:08 CST INFO  org.springframework.boot.web.servlet.AbstractFilterRegistrationBean configure() @258 - Mapping filter: 'httpPutFormContentFilter' to: [/*]
2018.05.30 at 10:33:08 CST INFO  org.springframework.boot.web.servlet.AbstractFilterRegistrationBean configure() @258 - Mapping filter: 'requestContextFilter' to: [/*]
2018.05.30 at 10:33:08 CST INFO  org.springframework.boot.web.servlet.AbstractFilterRegistrationBean configure() @271 - Mapping filter: 'webStatFilter' to urls: [/*]
2018.05.30 at 10:33:08 CST INFO  org.springframework.boot.web.servlet.AbstractFilterRegistrationBean configure() @258 - Mapping filter: 'requestLogFilter' to: [/*]
2018.05.30 at 10:33:10 CST INFO  org.springframework.web.servlet.mvc.method.annotation.RequestMappingHandlerAdapter initControllerAdviceCache() @534 - Looking for @ControllerAdvice: org.springframework.boot.context.embedded.AnnotationConfigEmbeddedWebApplicationContext@c7a975a: startup date [Wed May 30 10:33:06 CST 2018]; root of context hierarchy
2018.05.30 at 10:33:10 CST INFO  org.springframework.web.servlet.handler.AbstractHandlerMethodMapping$MappingRegistry register() @543 - Mapped "{[/dept],methods=[GET]}" onto public com.fromqtoj.bean.Department com.fromqtoj.controller.DeptController.insertDept(com.fromqtoj.bean.Department)
2018.05.30 at 10:33:10 CST INFO  org.springframework.web.servlet.handler.AbstractHandlerMethodMapping$MappingRegistry register() @543 - Mapped "{[/dept/id],methods=[GET]}" onto public com.fromqtoj.bean.Department com.fromqtoj.controller.DeptController.getDepartment(java.lang.Integer)
2018.05.30 at 10:33:10 CST INFO  org.springframework.web.servlet.handler.AbstractHandlerMethodMapping$MappingRegistry register() @543 - Mapped "{[/emp/select],methods=[GET]}" onto public com.fromqtoj.bean.Employee com.fromqtoj.controller.EmpController.selectEmp(java.lang.Integer)
2018.05.30 at 10:33:10 CST INFO  org.springframework.web.servlet.handler.AbstractHandlerMethodMapping$MappingRegistry register() @543 - Mapped "{[/emp],methods=[GET]}" onto public com.fromqtoj.bean.Employee com.fromqtoj.controller.EmpController.insertEmployee(com.fromqtoj.bean.Employee)
2018.05.30 at 10:33:10 CST INFO  org.springframework.web.servlet.handler.AbstractHandlerMethodMapping$MappingRegistry register() @543 - Mapped "{[/emp/update],methods=[GET]}" onto public void com.fromqtoj.controller.EmpController.updateEmpbyId(java.lang.Integer)
2018.05.30 at 10:33:10 CST INFO  org.springframework.web.servlet.handler.AbstractHandlerMethodMapping$MappingRegistry register() @543 - Mapped "{[/emp/delete],methods=[GET]}" onto public void com.fromqtoj.controller.EmpController.deleteEmp(java.lang.Integer)
2018.05.30 at 10:33:10 CST INFO  org.springframework.web.servlet.handler.AbstractHandlerMethodMapping$MappingRegistry register() @543 - Mapped "{[/error]}" onto public org.springframework.http.ResponseEntity<java.util.Map<java.lang.String, java.lang.Object>> org.springframework.boot.autoconfigure.web.BasicErrorController.error(javax.servlet.http.HttpServletRequest)
2018.05.30 at 10:33:10 CST INFO  org.springframework.web.servlet.handler.AbstractHandlerMethodMapping$MappingRegistry register() @543 - Mapped "{[/error],produces=[text/html]}" onto public org.springframework.web.servlet.ModelAndView org.springframework.boot.autoconfigure.web.BasicErrorController.errorHtml(javax.servlet.http.HttpServletRequest,javax.servlet.http.HttpServletResponse)
2018.05.30 at 10:33:11 CST INFO  org.springframework.web.servlet.handler.AbstractUrlHandlerMapping registerHandler() @362 - Mapped URL path [/webjars/**] onto handler of type [class org.springframework.web.servlet.resource.ResourceHttpRequestHandler]
2018.05.30 at 10:33:11 CST INFO  org.springframework.web.servlet.handler.AbstractUrlHandlerMapping registerHandler() @362 - Mapped URL path [/**] onto handler of type [class org.springframework.web.servlet.resource.ResourceHttpRequestHandler]
2018.05.30 at 10:33:11 CST INFO  org.springframework.web.servlet.handler.AbstractUrlHandlerMapping registerHandler() @362 - Mapped URL path [/**/favicon.ico] onto handler of type [class org.springframework.web.servlet.resource.ResourceHttpRequestHandler]
2018.05.30 at 10:33:12 CST INFO  org.springframework.jmx.export.MBeanExporter afterSingletonsInstantiated() @431 - Registering beans for JMX exposure on startup
2018.05.30 at 10:33:12 CST INFO  org.springframework.jmx.export.MBeanExporter autodetect() @916 - Bean with name 'druid' has been autodetected for JMX exposure
2018.05.30 at 10:33:12 CST INFO  org.springframework.jmx.export.MBeanExporter registerBeanInstance() @671 - Located MBean 'druid': registering with JMX server as MBean [com.alibaba.druid.pool:name=druid,type=DruidDataSource]
2018.05.30 at 10:33:12 CST INFO  org.apache.juli.logging.DirectJDKLog log() @180 - Initializing ProtocolHandler ["http-nio-8080"]
2018.05.30 at 10:33:12 CST INFO  org.apache.juli.logging.DirectJDKLog log() @180 - Starting ProtocolHandler ["http-nio-8080"]
2018.05.30 at 10:33:12 CST INFO  org.apache.juli.logging.DirectJDKLog log() @180 - Using a shared selector for servlet write/read
2018.05.30 at 10:33:12 CST INFO  org.springframework.boot.context.embedded.tomcat.TomcatEmbeddedServletContainer start() @201 - Tomcat started on port(s): 8080 (http)
2018.05.30 at 10:33:12 CST INFO  org.springframework.boot.StartupInfoLogger logStarted() @57 - Started Log4j2DemoApplication in 7.006 seconds (JVM running for 9.656)
2018.05.30 at 10:33:12 CST INFO  org.apache.juli.logging.DirectJDKLog log() @180 - Initializing Spring FrameworkServlet 'dispatcherServlet'
2018.05.30 at 10:33:12 CST INFO  org.springframework.web.servlet.FrameworkServlet initServletBean() @489 - FrameworkServlet 'dispatcherServlet': initialization started
2018.05.30 at 10:33:12 CST INFO  org.springframework.web.servlet.FrameworkServlet initServletBean() @508 - FrameworkServlet 'dispatcherServlet': initialization completed in 90 ms
2018.05.30 at 10:33:13 CST INFO  com.fromqtoj.controller.EmpController insertEmployee() @28 - Employee 日志输出 info
2018.05.30 at 10:33:13 CST WARN  com.fromqtoj.controller.EmpController insertEmployee() @29 - Employee 日志输出 warn
2018.05.30 at 10:33:13 CST ERROR com.fromqtoj.controller.EmpController insertEmployee() @30 - Employee 日志输出 error
2018.05.30 at 10:33:13 CST INFO  com.alibaba.druid.pool.DruidDataSource init() @923 - {dataSource-1} inited
2018.05.30 at 10:33:13 CST DEBUG org.apache.ibatis.logging.jdbc.BaseJdbcLogger debug() @159 - ==>  Preparing: INSERT INTO employee(lastName,email,gender,d_id) VALUES (?,?,?,?) 
2018.05.30 at 10:33:13 CST DEBUG org.apache.ibatis.logging.jdbc.BaseJdbcLogger debug() @159 - ==> Parameters: log4j22222(String), 123@163.com(String), 1(Integer), null
2018.05.30 at 10:33:14 CST DEBUG org.apache.ibatis.logging.jdbc.BaseJdbcLogger debug() @159 - <==    Updates: 1
2018.05.30 at 10:33:14 CST INFO  com.fromqtoj.filter.RequestLogFilter doFilterInternal() @79 - requestUrl :/emp, requestBody : {}, responseBody :{"id":null,"lastName":"log4j22222","gender":1,"email":"123@163.com","dId":null}, cost time :1062 ms.
2018.05.30 at 10:33:14 CST INFO  com.fromqtoj.controller.EmpController insertEmployee() @28 - Employee 日志输出 info
2018.05.30 at 10:33:14 CST WARN  com.fromqtoj.controller.EmpController insertEmployee() @29 - Employee 日志输出 warn
2018.05.30 at 10:33:14 CST ERROR com.fromqtoj.controller.EmpController insertEmployee() @30 - Employee 日志输出 error
2018.05.30 at 10:33:14 CST DEBUG org.apache.ibatis.logging.jdbc.BaseJdbcLogger debug() @159 - ==>  Preparing: INSERT INTO employee(lastName,email,gender,d_id) VALUES (?,?,?,?) 
2018.05.30 at 10:33:14 CST DEBUG org.apache.ibatis.logging.jdbc.BaseJdbcLogger debug() @159 - ==> Parameters: log4j22222(String), 123@163.com(String), 1(Integer), null
2018.05.30 at 10:33:14 CST DEBUG org.apache.ibatis.logging.jdbc.BaseJdbcLogger debug() @159 - <==    Updates: 1
2018.05.30 at 10:33:14 CST INFO  com.fromqtoj.filter.RequestLogFilter doFilterInternal() @79 - requestUrl :/emp, requestBody : {}, responseBody :{"id":null,"lastName":"log4j22222","gender":1,"email":"123@163.com","dId":null}, cost time :121 ms.
